<?xml version="1.0" encoding="UTF-8"?>
<!-- Generated by org.testng.reporters.JUnitReportReporter -->
<testsuite hostname="dell" failures="0" tests="2" name="practiceSelenium.appTest" time="19.656" errors="0" timestamp="2020-07-31T20:27:17 IST" skipped="0">
  <testcase classname="practiceSelenium.appTest" name="test" time="0.003"/>
  <system-out/>
  <testcase classname="practiceSelenium.appTest" name="login" time="19.653"/>
  <system-out/>
</testsuite> <!-- practiceSelenium.appTest -->
