<?xml version="1.0" encoding="UTF-8"?>
<!-- Generated by org.testng.reporters.JUnitReportReporter -->
<testsuite hostname="dell" failures="0" tests="2" name="practiceSelenium.appTest" time="5.496" errors="0" timestamp="2020-07-31T20:27:38 IST" skipped="0">
  <testcase classname="practiceSelenium.appTest" name="login" time="5.495"/>
  <system-out/>
  <testcase classname="practiceSelenium.appTest" name="test" time="0.001"/>
  <system-out/>
</testsuite> <!-- practiceSelenium.appTest -->
